# JRE version: OpenJDK Runtime Environment (9.0) (slowdebug build 9-internal+0-adhoc.zhonghongpeng.openjdk)
# Java VM: OpenJDK 64-Bit Server VM (slowdebug 9-internal+0-adhoc.zhonghongpeng.openjdk, mixed mode, tiered, compressed oops, serial gc, bsd-amd64)
Heap:
 def new generation   total 9792K, used 5476K [0x00000007a0000000, 0x00000007a0aa0000, 0x00000007aaaa0000)
  eden space 8704K,  59% used [0x00000007a0000000, 0x00000007a0509848, 0x00000007a0880000)
  from space 1088K,  29% used [0x00000007a0880000, 0x00000007a08cf9e8, 0x00000007a0990000)
  to   space 1088K,   0% used [0x00000007a0990000, 0x00000007a0990000, 0x00000007a0aa0000)
 tenured generation   total 21888K, used 1176K [0x00000007aaaa0000, 0x00000007ac000000, 0x00000007c0000000)
   the space 21888K,   5% used [0x00000007aaaa0000, 0x00000007aabc63b8, 0x00000007aabc6400, 0x00000007ac000000)
 Metaspace       used 6180K, capacity 6338K, committed 6528K, reserved 1056768K
  class space    used 588K, capacity 626K, committed 640K, reserved 1048576K
GC Heap History (10 events):
Event: 2.854 GC heap before
{Heap before GC invocations=29 (full 0):
 def new generation   total 9792K, used 8952K [0x00000007a0000000, 0x00000007a0aa0000, 0x00000007aaaa0000)
  eden space 8704K, 100% used [0x00000007a0000000, 0x00000007a0880000, 0x00000007a0880000)
  from space 1088K,  22% used [0x00000007a0990000, 0x00000007a09ce0b0, 0x00000007a0aa0000)
  to   space 1088K,   0% used [0x00000007a0880000, 0x00000007a0880000, 0x00000007a0990000)
 tenured generation   total 21888K, used 1158K [0x00000007aaaa0000, 0x00000007ac000000, 0x00000007c0000000)
   the space 21888K,   5% used [0x00000007aaaa0000, 0x00000007aabc1848, 0x00000007aabc1a00, 0x00000007ac000000)
 Metaspace       used 6057K, capacity 6244K, committed 6272K, reserved 1056768K
  class space    used 573K, capacity 621K, committed 640K, reserved 1048576K
}
Event: 2.872 GC heap after
{Heap after GC invocations=30 (full 0):
 def new generation   total 9792K, used 297K [0x00000007a0000000, 0x00000007a0aa0000, 0x00000007aaaa0000)
  eden space 8704K,   0% used [0x00000007a0000000, 0x00000007a0000000, 0x00000007a0880000)
  from space 1088K,  27% used [0x00000007a0880000, 0x00000007a08ca638, 0x00000007a0990000)
  to   space 1088K,   0% used [0x00000007a0990000, 0x00000007a0990000, 0x00000007a0aa0000)
 tenured generation   total 21888K, used 1158K [0x00000007aaaa0000, 0x00000007ac000000, 0x00000007c0000000)
   the space 21888K,   5% used [0x00000007aaaa0000, 0x00000007aabc1848, 0x00000007aabc1a00, 0x00000007ac000000)
 Metaspace       used 6057K, capacity 6244K, committed 6272K, reserved 1056768K
  class space    used 573K, capacity 621K, committed 640K, reserved 1048576K
}
Event: 2.909 GC heap before
{Heap before GC invocations=30 (full 0):
 def new generation   total 9792K, used 9001K [0x00000007a0000000, 0x00000007a0aa0000, 0x00000007aaaa0000)
  eden space 8704K,  99% used [0x00000007a0000000, 0x00000007a087ffe8, 0x00000007a0880000)
  from space 1088K,  27% used [0x00000007a0880000, 0x00000007a08ca638, 0x00000007a0990000)
  to   space 1088K,   0% used [0x00000007a0990000, 0x00000007a0990000, 0x00000007a0aa0000)
 tenured generation   total 21888K, used 1158K [0x00000007aaaa0000, 0x00000007ac000000, 0x00000007c0000000)
   the space 21888K,   5% used [0x00000007aaaa0000, 0x00000007aabc1848, 0x00000007aabc1a00, 0x00000007ac000000)
 Metaspace       used 6057K, capacity 6244K, committed 6272K, reserved 1056768K
  class space    used 573K, capacity 621K, committed 640K, reserved 1048576K
}
Event: 2.927 GC heap after
{Heap after GC invocations=31 (full 0):
 def new generation   total 9792K, used 300K [0x00000007a0000000, 0x00000007a0aa0000, 0x00000007aaaa0000)
  eden space 8704K,   0% used [0x00000007a0000000, 0x00000007a0000000, 0x00000007a0880000)
  from space 1088K,  27% used [0x00000007a0990000, 0x00000007a09db3b8, 0x00000007a0aa0000)
  to   space 1088K,   0% used [0x00000007a0880000, 0x00000007a0880000, 0x00000007a0990000)
 tenured generation   total 21888K, used 1158K [0x00000007aaaa0000, 0x00000007ac000000, 0x00000007c0000000)
   the space 21888K,   5% used [0x00000007aaaa0000, 0x00000007aabc1848, 0x00000007aabc1a00, 0x00000007ac000000)
 Metaspace       used 6057K, capacity 6244K, committed 6272K, reserved 1056768K
  class space    used 573K, capacity 621K, committed 640K, reserved 1048576K
}
Event: 2.964 GC heap before
{Heap before GC invocations=31 (full 0):
 def new generation   total 9792K, used 9004K [0x00000007a0000000, 0x00000007a0aa0000, 0x00000007aaaa0000)
  eden space 8704K, 100% used [0x00000007a0000000, 0x00000007a0880000, 0x00000007a0880000)
  from space 1088K,  27% used [0x00000007a0990000, 0x00000007a09db3b8, 0x00000007a0aa0000)
  to   space 1088K,   0% used [0x00000007a0880000, 0x00000007a0880000, 0x00000007a0990000)
 tenured generation   total 21888K, used 1158K [0x00000007aaaa0000, 0x00000007ac000000, 0x00000007c0000000)
   the space 21888K,   5% used [0x00000007aaaa0000, 0x00000007aabc1848, 0x00000007aabc1a00, 0x00000007ac000000)
 Metaspace       used 6057K, capacity 6244K, committed 6272K, reserved 1056768K
  class space    used 573K, capacity 621K, committed 640K, reserved 1048576K
}
Event: 2.979 GC heap after
{Heap after GC invocations=32 (full 0):
 def new generation   total 9792K, used 306K [0x00000007a0000000, 0x00000007a0aa0000, 0x00000007aaaa0000)
  eden space 8704K,   0% used [0x00000007a0000000, 0x00000007a0000000, 0x00000007a0880000)
  from space 1088K,  28% used [0x00000007a0880000, 0x00000007a08cc9d0, 0x00000007a0990000)
  to   space 1088K,   0% used [0x00000007a0990000, 0x00000007a0990000, 0x00000007a0aa0000)
 tenured generation   total 21888K, used 1158K [0x00000007aaaa0000, 0x00000007ac000000, 0x00000007c0000000)
   the space 21888K,   5% used [0x00000007aaaa0000, 0x00000007aabc1848, 0x00000007aabc1a00, 0x00000007ac000000)
 Metaspace       used 6057K, capacity 6244K, committed 6272K, reserved 1056768K
  class space    used 573K, capacity 621K, committed 640K, reserved 1048576K
}
Event: 3.020 GC heap before
{Heap before GC invocations=32 (full 0):
 def new generation   total 9792K, used 9010K [0x00000007a0000000, 0x00000007a0aa0000, 0x00000007aaaa0000)
  eden space 8704K, 100% used [0x00000007a0000000, 0x00000007a0880000, 0x00000007a0880000)
  from space 1088K,  28% used [0x00000007a0880000, 0x00000007a08cc9d0, 0x00000007a0990000)
  to   space 1088K,   0% used [0x00000007a0990000, 0x00000007a0990000, 0x00000007a0aa0000)
 tenured generation   total 21888K, used 1158K [0x00000007aaaa0000, 0x00000007ac000000, 0x00000007c0000000)
   the space 21888K,   5% used [0x00000007aaaa0000, 0x00000007aabc1848, 0x00000007aabc1a00, 0x00000007ac000000)
 Metaspace       used 6057K, capacity 6244K, committed 6272K, reserved 1056768K
  class space    used 573K, capacity 621K, committed 640K, reserved 1048576K
}
Event: 3.035 GC heap after
{Heap after GC invocations=33 (full 0):
 def new generation   total 9792K, used 317K [0x00000007a0000000, 0x00000007a0aa0000, 0x00000007aaaa0000)
  eden space 8704K,   0% used [0x00000007a0000000, 0x00000007a0000000, 0x00000007a0880000)
  from space 1088K,  29% used [0x00000007a0990000, 0x00000007a09df6f8, 0x00000007a0aa0000)
  to   space 1088K,   0% used [0x00000007a0880000, 0x00000007a0880000, 0x00000007a0990000)
 tenured generation   total 21888K, used 1158K [0x00000007aaaa0000, 0x00000007ac000000, 0x00000007c0000000)
   the space 21888K,   5% used [0x00000007aaaa0000, 0x00000007aabc1848, 0x00000007aabc1a00, 0x00000007ac000000)
 Metaspace       used 6057K, capacity 6244K, committed 6272K, reserved 1056768K
  class space    used 573K, capacity 621K, committed 640K, reserved 1048576K
}
Event: 3.075 GC heap before
{Heap before GC invocations=33 (full 0):
 def new generation   total 9792K, used 9021K [0x00000007a0000000, 0x00000007a0aa0000, 0x00000007aaaa0000)
  eden space 8704K, 100% used [0x00000007a0000000, 0x00000007a0880000, 0x00000007a0880000)
  from space 1088K,  29% used [0x00000007a0990000, 0x00000007a09df6f8, 0x00000007a0aa0000)
  to   space 1088K,   0% used [0x00000007a0880000, 0x00000007a0880000, 0x00000007a0990000)
 tenured generation   total 21888K, used 1158K [0x00000007aaaa0000, 0x00000007ac000000, 0x00000007c0000000)
   the space 21888K,   5% used [0x00000007aaaa0000, 0x00000007aabc1848, 0x00000007aabc1a00, 0x00000007ac000000)
 Metaspace       used 6057K, capacity 6244K, committed 6272K, reserved 1056768K
  class space    used 573K, capacity 621K, committed 640K, reserved 1048576K
}
Event: 3.091 GC heap after
{Heap after GC invocations=34 (full 0):
 def new generation   total 9792K, used 318K [0x00000007a0000000, 0x00000007a0aa0000, 0x00000007aaaa0000)
  eden space 8704K,   0% used [0x00000007a0000000, 0x00000007a0000000, 0x00000007a0880000)
  from space 1088K,  29% used [0x00000007a0880000, 0x00000007a08cf9e8, 0x00000007a0990000)
  to   space 1088K,   0% used [0x00000007a0990000, 0x00000007a0990000, 0x00000007a0aa0000)
 tenured generation   total 21888K, used 1176K [0x00000007aaaa0000, 0x00000007ac000000, 0x00000007c0000000)
   the space 21888K,   5% used [0x00000007aaaa0000, 0x00000007aabc63b8, 0x00000007aabc6400, 0x00000007ac000000)
 Metaspace       used 6057K, capacity 6244K, committed 6272K, reserved 1056768K
  class space    used 573K, capacity 621K, committed 640K, reserved 1048576K
}

